<?xml version="1.0" encoding="UTF-8"?>
<!-- Generated by org.testng.reporters.JUnitReportReporter -->
<testsuite hostname="TYSS-Basavaraj" failures="0" tests="3" name="tests.AuthTest" time="9.160" errors="0" timestamp="2026-03-30T23:01:36 IST" skipped="0">
  <testcase classname="tests.AuthTest" name="login" time="5.871"/>
  <testcase classname="tests.AuthTest" name="verifyOtp" time="1.878"/>
  <testcase classname="tests.AuthTest" name="refreshToken" time="1.411"/>
</testsuite> <!-- tests.AuthTest -->
