<?xml version="1.0" encoding="UTF-8"?>
<!-- Generated by org.testng.reporters.JUnitReportReporter -->
<testsuite hostname="SEPL-LAP-204" failures="0" tests="3" name="tests.AuthTest" time="6.252" errors="0" timestamp="2026-03-31T12:34:41 IST" skipped="0">
  <testcase classname="tests.AuthTest" name="login" time="3.262"/>
  <testcase classname="tests.AuthTest" name="verifyOtp" time="1.662"/>
  <testcase classname="tests.AuthTest" name="refreshToken" time="1.328"/>
</testsuite> <!-- tests.AuthTest -->
